Log file open, 06/12/21 07:19:48
LogPakFile: Display: Found Pak file ../../../VRBase/Content/Paks/VRBase-WindowsNoEditor.pak attempting to mount.
LogPakFile: Display: Mounting pak file ../../../VRBase/Content/Paks/VRBase-WindowsNoEditor.pak.
LogPlatformFile: Not using cached read wrapper
LogTaskGraph: Started task graph with 5 named threads and 47 total threads with 3 sets of task threads.
LogStats: Stats thread started at 0.046517
LogD3D11RHI: Loaded GFSDK_Aftermath_Lib.x64.dll
LogICUInternationalization: ICU TimeZone Detection - Raw Offset: +9:00, Platform Override: ''
LogPluginManager: Mounting plugin OctanePlugin
LogPluginManager: Mounting plugin WindowsMixedReality
LogPluginManager: Mounting plugin ProceduralMeshComponent
LogPluginManager: Mounting plugin LiveLink
LogPluginManager: Mounting plugin Takes
LogPluginManager: Mounting plugin LevelSequenceEditor
LogPluginManager: Mounting plugin HoloLensAR
LogPluginManager: Mounting plugin OpenXR
LogPluginManager: Mounting plugin Paper2D
LogPluginManager: Mounting plugin AISupport
LogPluginManager: Mounting plugin LightPropagationVolume
LogPluginManager: Mounting plugin AnimationSharing
LogPluginManager: Mounting plugin SignificanceManager
LogPluginManager: Mounting plugin UObjectPlugin
LogPluginManager: Mounting plugin AssetManagerEditor
LogPluginManager: Mounting plugin FacialAnimation
LogPluginManager: Mounting plugin GeometryMode
LogPluginManager: Mounting plugin DatasmithContent
LogPluginManager: Mounting plugin VariantManagerContent
LogPluginManager: Mounting plugin AlembicImporter
LogPluginManager: Mounting plugin GeometryCache
LogPluginManager: Mounting plugin AutomationUtils
LogPluginManager: Mounting plugin ScreenshotTools
LogPluginManager: Mounting plugin BackChannel
LogPluginManager: Mounting plugin ChaosClothEditor
LogPluginManager: Mounting plugin ChaosCloth
LogPluginManager: Mounting plugin ChaosEditor
LogPluginManager: Mounting plugin PlanarCut
LogPluginManager: Mounting plugin GeometryProcessing
LogPluginManager: Mounting plugin EditableMesh
LogPluginManager: Mounting plugin GeometryCollectionPlugin
LogPluginManager: Mounting plugin ChaosSolverPlugin
LogPluginManager: Mounting plugin ChaosNiagara
LogPluginManager: Mounting plugin Niagara
LogPluginManager: Mounting plugin CharacterAI
LogPluginManager: Mounting plugin PlatformCrypto
LogPluginManager: Mounting plugin MagicLeapPassableWorld
LogPluginManager: Mounting plugin MagicLeap
LogPluginManager: Mounting plugin MLSDK
LogPluginManager: Mounting plugin MagicLeapLightEstimation
LogPluginManager: Mounting plugin AvfMedia
LogPluginManager: Mounting plugin ImgMedia
LogPluginManager: Mounting plugin MediaCompositing
LogPluginManager: Mounting plugin WmfMedia
LogPluginManager: Mounting plugin MegascansPlugin
LogPluginManager: Mounting plugin PythonScriptPlugin
LogPluginManager: Mounting plugin EditorScriptingUtilities
LogPluginManager: Mounting plugin SQLiteSupport
LogPluginManager: Mounting plugin DatabaseSupport
LogPluginManager: Mounting plugin SQLiteCore
LogPluginManager: Mounting plugin MeshPainting
LogPluginManager: Mounting plugin TcpMessaging
LogPluginManager: Mounting plugin UdpMessaging
LogPluginManager: Mounting plugin ActorSequence
LogPluginManager: Mounting plugin MatineeToLevelSequence
LogPluginManager: Mounting plugin TemplateSequence
LogPluginManager: Mounting plugin MovieRenderPipeline
LogPluginManager: Mounting plugin NetcodeUnitTest
LogPluginManager: Mounting plugin OnlineSubsystemNull
LogPluginManager: Mounting plugin OnlineSubsystem
LogPluginManager: Mounting plugin OnlineSubsystemUtils
LogPluginManager: Mounting plugin LauncherChunkInstaller
LogPluginManager: Mounting plugin AndroidPermission
LogPluginManager: Mounting plugin AppleImageUtils
LogPluginManager: Mounting plugin ArchVisCharacter
LogPluginManager: Mounting plugin AssetTags
LogPluginManager: Mounting plugin AudioCapture
LogPluginManager: Mounting plugin CableComponent
LogPluginManager: Mounting plugin CustomMeshComponent
LogPluginManager: Mounting plugin ExampleDeviceProfileSelector
LogPluginManager: Mounting plugin GooglePAD
LogPluginManager: Mounting plugin LocationServicesBPLibrary
LogPluginManager: Mounting plugin MobilePatchingUtils
LogPluginManager: Mounting plugin OculusVR
LogPluginManager: Mounting plugin PhysXVehicles
LogPluginManager: Mounting plugin RuntimePhysXCooking
LogPluginManager: Mounting plugin SoundFields
LogPluginManager: Mounting plugin SteamVR
LogPluginManager: Mounting plugin Synthesis
LogPluginManager: Mounting plugin WebMMoviePlayer
LogPluginManager: Mounting plugin WebMMedia
LogPluginManager: Mounting plugin WindowsMoviePlayer
LogInit: Using libcurl 7.55.1-DEV
LogInit:  - built for x86_64-pc-win32
LogInit:  - supports SSL with OpenSSL/1.1.1
LogInit:  - supports HTTP deflate (compression) using libz 1.2.8
LogInit:  - other features:
LogInit:      CURL_VERSION_SSL
LogInit:      CURL_VERSION_LIBZ
LogInit:      CURL_VERSION_IPV6
LogInit:      CURL_VERSION_ASYNCHDNS
LogInit:      CURL_VERSION_LARGEFILE
LogInit:      CURL_VERSION_IDN
LogInit:  CurlRequestOptions (configurable via config and command line):
LogInit:  - bVerifyPeer = true  - Libcurl will verify peer certificate
LogInit:  - bUseHttpProxy = false  - Libcurl will NOT use HTTP proxy
LogInit:  - bDontReuseConnections = false  - Libcurl will reuse connections
LogInit:  - MaxHostConnections = 16  - Libcurl will limit the number of connections to a host
LogInit:  - LocalHostAddr = Default
LogInit:  - BufferSize = 65536
LogOnline: OSS: Creating online subsystem instance for: NULL
LogInit: WinSock: version 1.1 (2.2), MaxSocks=32767, MaxUdp=65467
LogOnline: OSS: TryLoadSubsystemAndSetDefault: Loaded subsystem for module [NULL]
LogHMD: Failed to enumerate extensions. Please check that you have a valid OpenXR runtime installed.
LogInit: Build: ++UE4+Release-4.25-CL-14469661
LogInit: Engine Version: 4.25.4-14469661+++UE4+Release-4.25
LogInit: Compatible Engine Version: 4.25.0-13144385+++UE4+Release-4.25
LogInit: Net CL: 13144385
LogInit: OS: Windows 10 (Release 2009) (), CPU: Intel(R) Core(TM) i7-10700 CPU @ 2.90GHz, GPU: NVIDIA GeForce RTX 2060
LogInit: Compiled (64-bit): Oct 11 2020 08:22:12
LogInit: Compiled with Visual C++: 19.16.27032.01
LogInit: Build Configuration: Development
LogInit: Branch Name: ++UE4+Release-4.25
LogInit: Command Line: 
LogInit: Base Directory: E:/Unreal Projects/VRBase/Builds/WindowsNoEditor/VRBase/Binaries/Win64/
LogInit: Allocator: binned2
LogInit: Installed Engine Build: 0
LogDevObjectVersion: Number of dev versions registered: 26
LogDevObjectVersion:   Dev-Blueprints (B0D832E4-1F89-4F0D-ACCF-7EB736FD4AA2): 10
LogDevObjectVersion:   Dev-Build (E1C64328-A22C-4D53-A36C-8E866417BD8C): 0
LogDevObjectVersion:   Dev-Core (375EC13C-06E4-48FB-B500-84F0262A717E): 4
LogDevObjectVersion:   Dev-Editor (E4B068ED-F494-42E9-A231-DA0B2E46BB41): 38
LogDevObjectVersion:   Dev-Framework (CFFC743F-43B0-4480-9391-14DF171D2073): 37
LogDevObjectVersion:   Dev-Mobile (B02B49B5-BB20-44E9-A304-32B752E40360): 2
LogDevObjectVersion:   Dev-Networking (A4E4105C-59A1-49B5-A7C5-40C4547EDFEE): 0
LogDevObjectVersion:   Dev-Online (39C831C9-5AE6-47DC-9A44-9C173E1C8E7C): 0
LogDevObjectVersion:   Dev-Physics (78F01B33-EBEA-4F98-B9B4-84EACCB95AA2): 4
LogDevObjectVersion:   Dev-Platform (6631380F-2D4D-43E0-8009-CF276956A95A): 0
LogDevObjectVersion:   Dev-Rendering (12F88B9F-8875-4AFC-A67C-D90C383ABD29): 43
LogDevObjectVersion:   Dev-Sequencer (7B5AE74C-D270-4C10-A958-57980B212A5A): 12
LogDevObjectVersion:   Dev-VR (D7296918-1DD6-4BDD-9DE2-64A83CC13884): 3
LogDevObjectVersion:   Dev-LoadTimes (C2A15278-BFE7-4AFE-6C17-90FF531DF755): 1
LogDevObjectVersion:   Private-Geometry (6EACA3D4-40EC-4CC1-B786-8BED09428FC5): 3
LogDevObjectVersion:   Dev-AnimPhys (29E575DD-E0A3-4627-9D10-D276232CDCEA): 17
LogDevObjectVersion:   Dev-Anim (AF43A65D-7FD3-4947-9873-3E8ED9C1BB05): 7
LogDevObjectVersion:   Dev-ReflectionCapture (6B266CEC-1EC7-4B8F-A30B-E4D90942FC07): 1
LogDevObjectVersion:   Dev-Automation (0DF73D61-A23F-47EA-B727-89E90C41499A): 1
LogDevObjectVersion:   FortniteMain (601D1886-AC64-4F84-AA16-D3DE0DEAC7D6): 31
LogDevObjectVersion:   Dev-Enterprise (9DFFBCD6-494F-0158-E221-12823C92A888): 10
LogDevObjectVersion:   Dev-Niagara (F2AED0AC-9AFE-416F-8664-AA7FFA26D6FC): 1
LogDevObjectVersion:   Dev-Destruction (174F1F0B-B4C6-45A5-B13F-2EE8D0FB917D): 10
LogDevObjectVersion:   Dev-Physics-Ext (35F94A83-E258-406C-A318-09F59610247C): 37
LogDevObjectVersion:   Dev-PhysicsMaterial-Chaos (B68FC16E-8B1B-42E2-B453-215C058844FE): 1
LogDevObjectVersion:   Dev-CineCamera (B2E18506-4273-CFC2-A54E-F4BB758BBA07): 1
LogInit: Presizing for max 2097152 objects, including 1 objects not considered by GC, pre-allocating 0 bytes for permanent pool.
LogConfig: Applying CVar settings from Section [/Script/Engine.StreamingSettings] File [../../../VRBase/Saved/Config/WindowsNoEditor/Engine.ini]
LogConfig: Setting CVar [[s.MinBulkDataSizeForAsyncLoading:131072]]
LogConfig: Setting CVar [[s.AsyncLoadingThreadEnabled:0]]
LogConfig: Setting CVar [[s.EventDrivenLoaderEnabled:1]]
LogConfig: Setting CVar [[s.WarnIfTimeLimitExceeded:0]]
LogConfig: Setting CVar [[s.TimeLimitExceededMultiplier:1.5]]
LogConfig: Setting CVar [[s.TimeLimitExceededMinTime:0.005]]
LogConfig: Setting CVar [[s.UseBackgroundLevelStreaming:1]]
LogConfig: Setting CVar [[s.PriorityAsyncLoadingExtraTime:15.0]]
LogConfig: Setting CVar [[s.LevelStreamingActorsUpdateTimeLimit:5.0]]
LogConfig: Setting CVar [[s.PriorityLevelStreamingActorsUpdateExtraTime:5.0]]
LogConfig: Setting CVar [[s.LevelStreamingComponentsRegistrationGranularity:10]]
LogConfig: Setting CVar [[s.UnregisterComponentsTimeLimit:1.0]]
LogConfig: Setting CVar [[s.LevelStreamingComponentsUnregistrationGranularity:5]]
LogConfig: Setting CVar [[s.FlushStreamingOnExit:1]]
LogStreaming: Display: Async Loading initialized: Event Driven Loader: true, Async Loading Thread: false, Async Post Load: true
LogInit: Object subsystem initialized
LogConfig: Setting CVar [[con.DebugEarlyDefault:1]]
LogConfig: Setting CVar [[r.setres:1280x720]]
LogConfig: Setting CVar [[fx.NiagaraAllowRuntimeScalabilityChanges:1]]
[2021.06.11-22.19.48:731][  0]LogConfig: Setting CVar [[con.DebugEarlyDefault:1]]
[2021.06.11-22.19.48:731][  0]LogConfig: Setting CVar [[r.setres:1280x720]]
[2021.06.11-22.19.48:731][  0]LogConfig: Setting CVar [[fx.NiagaraAllowRuntimeScalabilityChanges:1]]
[2021.06.11-22.19.48:731][  0]LogConfig: Applying CVar settings from Section [/Script/Engine.RendererSettings] File [../../../VRBase/Saved/Config/WindowsNoEditor/Engine.ini]
[2021.06.11-22.19.48:731][  0]LogConfig: Setting CVar [[r.GPUCrashDebugging:0]]
[2021.06.11-22.19.48:731][  0]LogConfig: Setting CVar [[r.ForwardShading:1]]
[2021.06.11-22.19.48:731][  0]LogConfig: Setting CVar [[r.MobileHDR:1]]
[2021.06.11-22.19.48:731][  0]LogConfig: Setting CVar [[r.MobileNumDynamicPointLights:4]]
[2021.06.11-22.19.48:731][  0]LogConfig: Setting CVar [[r.MobileDynamicPointLightsUseStaticBranch:1]]
[2021.06.11-22.19.48:731][  0]LogConfig: Setting CVar [[r.AllowOcclusionQueries:1]]
[2021.06.11-22.19.48:731][  0]LogConfig: Setting CVar [[r.MinScreenRadiusForLights:0.030000]]
[2021.06.11-22.19.48:731][  0]LogConfig: Setting CVar [[r.MinScreenRadiusForDepthPrepass:0.030000]]
[2021.06.11-22.19.48:731][  0]LogConfig: Setting CVar [[r.PrecomputedVisibilityWarning:0]]
[2021.06.11-22.19.48:731][  0]LogConfig: Setting CVar [[r.TextureStreaming:1]]
[2021.06.11-22.19.48:731][  0]LogConfig: Setting CVar [[Compat.UseDXT5NormalMaps:0]]
[2021.06.11-22.19.48:731][  0]LogConfig: Setting CVar [[r.AllowStaticLighting:1]]
[2021.06.11-22.19.48:731][  0]LogConfig: Setting CVar [[r.NormalMapsForStaticLighting:0]]
[2021.06.11-22.19.48:731][  0]LogConfig: Setting CVar [[r.GenerateMeshDistanceFields:0]]
[2021.06.11-22.19.48:731][  0]LogConfig: Setting CVar [[r.GenerateLandscapeGIData:1]]
[2021.06.11-22.19.48:731][  0]LogConfig: Setting CVar [[r.TessellationAdaptivePixelsPerTriangle:48.000000]]
[2021.06.11-22.19.48:731][  0]LogConfig: Setting CVar [[r.SeparateTranslucency:0]]
[2021.06.11-22.19.48:731][  0]LogConfig: Setting CVar [[r.TranslucentSortPolicy:0]]
[2021.06.11-22.19.48:731][  0]LogConfig: Setting CVar [[r.CustomDepth:3]]
[2021.06.11-22.19.48:732][  0]LogConfig: Setting CVar [[r.DefaultFeature.Bloom:1]]
[2021.06.11-22.19.48:732][  0]LogConfig: Setting CVar [[r.DefaultFeature.AmbientOcclusion:0]]
[2021.06.11-22.19.48:732][  0]LogConfig: Setting CVar [[r.DefaultFeature.AmbientOcclusionStaticFraction:0]]
[2021.06.11-22.19.48:732][  0]LogConfig: Setting CVar [[r.DefaultFeature.AutoExposure:0]]
[2021.06.11-22.19.48:732][  0]LogConfig: Setting CVar [[r.DefaultFeature.MotionBlur:0]]
[2021.06.11-22.19.48:732][  0]LogConfig: Setting CVar [[r.DefaultFeature.LensFlare:0]]
[2021.06.11-22.19.48:732][  0]LogConfig: Setting CVar [[r.DefaultFeature.AntiAliasing:3]]
[2021.06.11-22.19.48:732][  0]LogConfig: Setting CVar [[r.EarlyZPass:1]]
[2021.06.11-22.19.48:732][  0]LogConfig: Setting CVar [[r.DBuffer:0]]
[2021.06.11-22.19.48:732][  0]LogConfig: Setting CVar [[r.ClearSceneMethod:1]]
[2021.06.11-22.19.48:732][  0]LogConfig: Setting CVar [[r.BasePassOutputsVelocity:0]]
[2021.06.11-22.19.48:732][  0]LogConfig: Setting CVar [[r.WireframeCullThreshold:5.000000]]
[2021.06.11-22.19.48:732][  0]LogConfig: Setting CVar [[vr.InstancedStereo:1]]
[2021.06.11-22.19.48:732][  0]LogConfig: Setting CVar [[r.DefaultFeature.AutoExposure.Method:1]]
[2021.06.11-22.19.48:732][  0]LogConfig: Setting CVar [[r.ReflectionCaptureResolution:256]]
[2021.06.11-22.19.48:732][  0]LogConfig: Setting CVar [[r.GBufferFormat:1]]
[2021.06.11-22.19.48:732][  0]LogConfig: Setting CVar [[r.SupportStationarySkylight:1]]
[2021.06.11-22.19.48:732][  0]LogConfig: Setting CVar [[r.SupportLowQualityLightmaps:0]]
[2021.06.11-22.19.48:732][  0]LogConfig: Setting CVar [[r.SupportPointLightWholeSceneShadows:0]]
[2021.06.11-22.19.48:732][  0]LogConfig: Setting CVar [[r.SupportAtmosphericFog:0]]
[2021.06.11-22.19.48:732][  0]LogConfig: Setting CVar [[r.VertexFoggingForOpaque:1]]
[2021.06.11-22.19.48:732][  0]LogConfig: Setting CVar [[r.AllowGlobalClipPlane:1]]
[2021.06.11-22.19.48:732][  0]LogConfig: Setting CVar [[r.CapsuleShadows:2]]
[2021.06.11-22.19.48:732][  0]LogConfig: Applying CVar settings from Section [/Script/Engine.RendererOverrideSettings] File [../../../VRBase/Saved/Config/WindowsNoEditor/Engine.ini]
[2021.06.11-22.19.48:732][  0]LogConfig: Applying CVar settings from Section [/Script/Engine.StreamingSettings] File [../../../VRBase/Saved/Config/WindowsNoEditor/Engine.ini]
[2021.06.11-22.19.48:732][  0]LogConfig: Setting CVar [[s.MinBulkDataSizeForAsyncLoading:131072]]
[2021.06.11-22.19.48:732][  0]LogConfig: Setting CVar [[s.AsyncLoadingThreadEnabled:0]]
[2021.06.11-22.19.48:732][  0]LogConfig: Setting CVar [[s.EventDrivenLoaderEnabled:1]]
[2021.06.11-22.19.48:732][  0]LogConfig: Setting CVar [[s.WarnIfTimeLimitExceeded:0]]
[2021.06.11-22.19.48:732][  0]LogConfig: Setting CVar [[s.TimeLimitExceededMultiplier:1.5]]
[2021.06.11-22.19.48:732][  0]LogConfig: Setting CVar [[s.TimeLimitExceededMinTime:0.005]]
[2021.06.11-22.19.48:732][  0]LogConfig: Setting CVar [[s.UseBackgroundLevelStreaming:1]]
[2021.06.11-22.19.48:732][  0]LogConfig: Setting CVar [[s.PriorityAsyncLoadingExtraTime:15.0]]
[2021.06.11-22.19.48:732][  0]LogConfig: Setting CVar [[s.LevelStreamingActorsUpdateTimeLimit:5.0]]
[2021.06.11-22.19.48:732][  0]LogConfig: Setting CVar [[s.PriorityLevelStreamingActorsUpdateExtraTime:5.0]]
[2021.06.11-22.19.48:732][  0]LogConfig: Setting CVar [[s.LevelStreamingComponentsRegistrationGranularity:10]]
[2021.06.11-22.19.48:732][  0]LogConfig: Setting CVar [[s.UnregisterComponentsTimeLimit:1.0]]
[2021.06.11-22.19.48:732][  0]LogConfig: Setting CVar [[s.LevelStreamingComponentsUnregistrationGranularity:5]]
[2021.06.11-22.19.48:732][  0]LogConfig: Setting CVar [[s.FlushStreamingOnExit:1]]
[2021.06.11-22.19.48:732][  0]LogConfig: Applying CVar settings from Section [/Script/Engine.GarbageCollectionSettings] File [../../../VRBase/Saved/Config/WindowsNoEditor/Engine.ini]
[2021.06.11-22.19.48:732][  0]LogConfig: Setting CVar [[gc.MaxObjectsNotConsideredByGC:1]]
[2021.06.11-22.19.48:732][  0]LogConfig: Setting CVar [[gc.SizeOfPermanentObjectPool:0]]
[2021.06.11-22.19.48:732][  0]LogConfig: Setting CVar [[gc.FlushStreamingOnGC:0]]
[2021.06.11-22.19.48:732][  0]LogConfig: Setting CVar [[gc.NumRetriesBeforeForcingGC:10]]
[2021.06.11-22.19.48:732][  0]LogConfig: Setting CVar [[gc.AllowParallelGC:1]]
[2021.06.11-22.19.48:732][  0]LogConfig: Setting CVar [[gc.TimeBetweenPurgingPendingKillObjects:61.1]]
[2021.06.11-22.19.48:732][  0]LogConfig: Setting CVar [[gc.MaxObjectsInEditor:25165824]]
[2021.06.11-22.19.48:732][  0]LogConfig: Setting CVar [[gc.IncrementalBeginDestroyEnabled:1]]
[2021.06.11-22.19.48:732][  0]LogConfig: Setting CVar [[gc.CreateGCClusters:1]]
[2021.06.11-22.19.48:732][  0]LogConfig: Setting CVar [[gc.MinGCClusterSize:5]]
[2021.06.11-22.19.48:732][  0]LogConfig: Setting CVar [[gc.ActorClusteringEnabled:0]]
[2021.06.11-22.19.48:732][  0]LogConfig: Setting CVar [[gc.BlueprintClusteringEnabled:0]]
[2021.06.11-22.19.48:732][  0]LogConfig: Setting CVar [[gc.UseDisregardForGCOnDedicatedServers:0]]
[2021.06.11-22.19.48:732][  0]LogConfig: Applying CVar settings from Section [/Script/Engine.NetworkSettings] File [../../../VRBase/Saved/Config/WindowsNoEditor/Engine.ini]
[2021.06.11-22.19.48:736][  0]LogConfig: Applying CVar settings from Section [ViewDistanceQuality@3] File [../../../VRBase/Saved/Config/WindowsNoEditor/Scalability.ini]
[2021.06.11-22.19.48:736][  0]LogConfig: Setting CVar [[r.SkeletalMeshLODBias:0]]
[2021.06.11-22.19.48:736][  0]LogConfig: Setting CVar [[r.ViewDistanceScale:1.0]]
[2021.06.11-22.19.48:736][  0]LogConfig: Applying CVar settings from Section [AntiAliasingQuality@3] File [../../../VRBase/Saved/Config/WindowsNoEditor/Scalability.ini]
[2021.06.11-22.19.48:736][  0]LogConfig: Setting CVar [[r.PostProcessAAQuality:4]]
[2021.06.11-22.19.48:736][  0]LogConfig: Applying CVar settings from Section [ShadowQuality@3] File [../../../VRBase/Saved/Config/WindowsNoEditor/Scalability.ini]
[2021.06.11-22.19.48:736][  0]LogConfig: Setting CVar [[r.LightFunctionQuality:1]]
[2021.06.11-22.19.48:736][  0]LogConfig: Setting CVar [[r.ShadowQuality:5]]
[2021.06.11-22.19.48:736][  0]LogConfig: Setting CVar [[r.Shadow.CSM.MaxCascades:10]]
[2021.06.11-22.19.48:736][  0]LogConfig: Setting CVar [[r.Shadow.MaxResolution:2048]]
[2021.06.11-22.19.48:736][  0]LogConfig: Setting CVar [[r.Shadow.MaxCSMResolution:2048]]
[2021.06.11-22.19.48:736][  0]LogConfig: Setting CVar [[r.Shadow.RadiusThreshold:0.01]]
[2021.06.11-22.19.48:736][  0]LogConfig: Setting CVar [[r.Shadow.DistanceScale:1.0]]
[2021.06.11-22.19.48:736][  0]LogConfig: Setting CVar [[r.Shadow.CSM.TransitionScale:1.0]]
[2021.06.11-22.19.48:736][  0]LogConfig: Setting CVar [[r.Shadow.PreShadowResolutionFactor:1.0]]
[2021.06.11-22.19.48:737][  0]LogConfig: Setting CVar [[r.DistanceFieldShadowing:1]]
[2021.06.11-22.19.48:737][  0]LogConfig: Setting CVar [[r.DistanceFieldAO:1]]
[2021.06.11-22.19.48:737][  0]LogConfig: Setting CVar [[r.AOQuality:2]]
[2021.06.11-22.19.48:737][  0]LogConfig: Setting CVar [[r.VolumetricFog:1]]
[2021.06.11-22.19.48:737][  0]LogConfig: Setting CVar [[r.VolumetricFog.GridPixelSize:8]]
[2021.06.11-22.19.48:737][  0]LogConfig: Setting CVar [[r.VolumetricFog.GridSizeZ:128]]
[2021.06.11-22.19.48:737][  0]LogConfig: Setting CVar [[r.VolumetricFog.HistoryMissSupersampleCount:4]]
[2021.06.11-22.19.48:737][  0]LogConfig: Setting CVar [[r.LightMaxDrawDistanceScale:1]]
[2021.06.11-22.19.48:737][  0]LogConfig: Setting CVar [[r.CapsuleShadows:1]]
[2021.06.11-22.19.48:737][  0]LogConsoleManager: Warning: Setting the console variable 'r.CapsuleShadows' with 'SetByScalability' was ignored as it is lower priority than the previous 'SetByProjectSetting'. Value remains '2'
[2021.06.11-22.19.48:737][  0]LogConfig: Applying CVar settings from Section [PostProcessQuality@3] File [../../../VRBase/Saved/Config/WindowsNoEditor/Scalability.ini]
[2021.06.11-22.19.48:737][  0]LogConfig: Setting CVar [[r.MotionBlurQuality:4]]
[2021.06.11-22.19.48:737][  0]LogConfig: Setting CVar [[r.AmbientOcclusionMipLevelFactor:0.4]]
[2021.06.11-22.19.48:737][  0]LogConfig: Setting CVar [[r.AmbientOcclusionMaxQuality:100]]
[2021.06.11-22.19.48:737][  0]LogConfig: Setting CVar [[r.AmbientOcclusionLevels:-1]]
[2021.06.11-22.19.48:737][  0]LogConfig: Setting CVar [[r.AmbientOcclusionRadiusScale:1.0]]
[2021.06.11-22.19.48:737][  0]LogConfig: Setting CVar [[r.DepthOfFieldQuality:2]]
[2021.06.11-22.19.48:737][  0]LogConfig: Setting CVar [[r.RenderTargetPoolMin:400]]
[2021.06.11-22.19.48:737][  0]LogConfig: Setting CVar [[r.LensFlareQuality:2]]
[2021.06.11-22.19.48:737][  0]LogConfig: Setting CVar [[r.SceneColorFringeQuality:1]]
[2021.06.11-22.19.48:737][  0]LogConfig: Setting CVar [[r.EyeAdaptationQuality:2]]
[2021.06.11-22.19.48:737][  0]LogConfig: Setting CVar [[r.BloomQuality:5]]
[2021.06.11-22.19.48:737][  0]LogConfig: Setting CVar [[r.FastBlurThreshold:100]]
[2021.06.11-22.19.48:737][  0]LogConfig: Setting CVar [[r.Upscale.Quality:3]]
[2021.06.11-22.19.48:737][  0]LogConfig: Setting CVar [[r.Tonemapper.GrainQuantization:1]]
[2021.06.11-22.19.48:737][  0]LogConfig: Setting CVar [[r.LightShaftQuality:1]]
[2021.06.11-22.19.48:737][  0]LogConfig: Setting CVar [[r.Filter.SizeScale:1]]
[2021.06.11-22.19.48:737][  0]LogConfig: Setting CVar [[r.Tonemapper.Quality:5]]
[2021.06.11-22.19.48:737][  0]LogConfig: Setting CVar [[r.DOF.Gather.AccumulatorQuality:1        ; higher gathering accumulator quality]]
[2021.06.11-22.19.48:737][  0]LogConfig: Setting CVar [[r.DOF.Gather.PostfilterMethod:1          ; Median3x3 postfilering method]]
[2021.06.11-22.19.48:737][  0]LogConfig: Setting CVar [[r.DOF.Gather.EnableBokehSettings:0       ; no bokeh simulation when gathering]]
[2021.06.11-22.19.48:737][  0]LogConfig: Setting CVar [[r.DOF.Gather.RingCount:4                 ; medium number of samples when gathering]]
[2021.06.11-22.19.48:737][  0]LogConfig: Setting CVar [[r.DOF.Scatter.ForegroundCompositing:1    ; additive foreground scattering]]
[2021.06.11-22.19.48:737][  0]LogConfig: Setting CVar [[r.DOF.Scatter.BackgroundCompositing:2    ; additive background scattering]]
[2021.06.11-22.19.48:737][  0]LogConfig: Setting CVar [[r.DOF.Scatter.EnableBokehSettings:1      ; bokeh simulation when scattering]]
[2021.06.11-22.19.48:737][  0]LogConfig: Setting CVar [[r.DOF.Scatter.MaxSpriteRatio:0.1         ; only a maximum of 10% of scattered bokeh]]
[2021.06.11-22.19.48:737][  0]LogConfig: Setting CVar [[r.DOF.Recombine.Quality:1                ; cheap slight out of focus]]
[2021.06.11-22.19.48:737][  0]LogConfig: Setting CVar [[r.DOF.Recombine.EnableBokehSettings:0    ; no bokeh simulation on slight out of focus]]
[2021.06.11-22.19.48:737][  0]LogConfig: Setting CVar [[r.DOF.TemporalAAQuality:1                ; more stable temporal accumulation]]
[2021.06.11-22.19.48:737][  0]LogConfig: Setting CVar [[r.DOF.Kernel.MaxForegroundRadius:0.025]]
[2021.06.11-22.19.48:737][  0]LogConfig: Setting CVar [[r.DOF.Kernel.MaxBackgroundRadius:0.025]]
[2021.06.11-22.19.48:737][  0]LogConfig: Applying CVar settings from Section [TextureQuality@3] File [../../../VRBase/Saved/Config/WindowsNoEditor/Scalability.ini]
[2021.06.11-22.19.48:737][  0]LogConfig: Setting CVar [[r.Streaming.MipBias:0]]
[2021.06.11-22.19.48:737][  0]LogConfig: Setting CVar [[r.Streaming.AmortizeCPUToGPUCopy:0]]
[2021.06.11-22.19.48:737][  0]LogConfig: Setting CVar [[r.Streaming.MaxNumTexturesToStreamPerFrame:0]]
[2021.06.11-22.19.48:737][  0]LogConfig: Setting CVar [[r.Streaming.Boost:1]]
[2021.06.11-22.19.48:737][  0]LogConfig: Setting CVar [[r.MaxAnisotropy:8]]
[2021.06.11-22.19.48:737][  0]LogConfig: Setting CVar [[r.VT.MaxAnisotropy:8]]
[2021.06.11-22.19.48:737][  0]LogConfig: Setting CVar [[r.Streaming.LimitPoolSizeToVRAM:0]]
[2021.06.11-22.19.48:737][  0]LogConfig: Setting CVar [[r.Streaming.PoolSize:1000]]
[2021.06.11-22.19.48:737][  0]LogConfig: Setting CVar [[r.Streaming.MaxEffectiveScreenSize:0]]
[2021.06.11-22.19.48:737][  0]LogConfig: Applying CVar settings from Section [EffectsQuality@3] File [../../../VRBase/Saved/Config/WindowsNoEditor/Scalability.ini]
[2021.06.11-22.19.48:737][  0]LogConfig: Setting CVar [[r.TranslucencyLightingVolumeDim:64]]
[2021.06.11-22.19.48:737][  0]LogConfig: Setting CVar [[r.RefractionQuality:2]]
[2021.06.11-22.19.48:737][  0]LogConfig: Setting CVar [[r.SSR.Quality:3]]
[2021.06.11-22.19.48:737][  0]LogConfig: Setting CVar [[r.SSR.HalfResSceneColor:0]]
[2021.06.11-22.19.48:737][  0]LogConfig: Setting CVar [[r.SceneColorFormat:4]]
[2021.06.11-22.19.48:737][  0]LogConfig: Setting CVar [[r.DetailMode:2]]
[2021.06.11-22.19.48:737][  0]LogConfig: Setting CVar [[r.TranslucencyVolumeBlur:1]]
[2021.06.11-22.19.48:737][  0]LogConfig: Setting CVar [[r.MaterialQualityLevel:1 ; High quality]]
[2021.06.11-22.19.48:737][  0]LogConfig: Setting CVar [[r.SSS.Scale:1]]
[2021.06.11-22.19.48:737][  0]LogConfig: Setting CVar [[r.SSS.SampleSet:2]]
[2021.06.11-22.19.48:737][  0]LogConfig: Setting CVar [[r.SSS.Quality:1]]
[2021.06.11-22.19.48:737][  0]LogConfig: Setting CVar [[r.SSS.HalfRes:0]]
[2021.06.11-22.19.48:737][  0]LogConfig: Setting CVar [[r.SSGI.Quality:3]]
[2021.06.11-22.19.48:737][  0]LogConfig: Setting CVar [[r.EmitterSpawnRateScale:1.0]]
[2021.06.11-22.19.48:737][  0]LogConfig: Setting CVar [[r.ParticleLightQuality:2]]
[2021.06.11-22.19.48:737][  0]LogConfig: Setting CVar [[r.SkyAtmosphere.AerialPerspectiveLUT.FastApplyOnOpaque:1 ; Always have FastSkyLUT 1 in this case to avoid wrong sky]]
[2021.06.11-22.19.48:737][  0]LogConfig: Setting CVar [[r.SkyAtmosphere.AerialPerspectiveLUT.SampleCountPerSlice:1]]
[2021.06.11-22.19.48:737][  0]LogConfig: Setting CVar [[r.SkyAtmosphere.AerialPerspectiveLUT.DepthResolution:16.0]]
[2021.06.11-22.19.48:737][  0]LogConfig: Setting CVar [[r.SkyAtmosphere.FastSkyLUT:1]]
[2021.06.11-22.19.48:737][  0]LogConfig: Setting CVar [[r.SkyAtmosphere.FastSkyLUT.SampleCountMin:4.0]]
[2021.06.11-22.19.48:737][  0]LogConfig: Setting CVar [[r.SkyAtmosphere.FastSkyLUT.SampleCountMax:32.0]]
[2021.06.11-22.19.48:737][  0]LogConfig: Setting CVar [[r.SkyAtmosphere.SampleCountMin:4.0]]
[2021.06.11-22.19.48:737][  0]LogConfig: Setting CVar [[r.SkyAtmosphere.SampleCountMax:32.0]]
[2021.06.11-22.19.48:737][  0]LogConfig: Setting CVar [[r.SkyAtmosphere.TransmittanceLUT.UseSmallFormat:0]]
[2021.06.11-22.19.48:737][  0]LogConfig: Setting CVar [[r.SkyAtmosphere.TransmittanceLUT.SampleCount:10.0]]
[2021.06.11-22.19.48:737][  0]LogConfig: Setting CVar [[r.SkyAtmosphere.MultiScatteringLUT.SampleCount:15.0]]
[2021.06.11-22.19.48:737][  0]LogConfig: Setting CVar [[fx.Niagara.QualityLevel:3]]
[2021.06.11-22.19.48:737][  0]LogConfig: Applying CVar settings from Section [FoliageQuality@3] File [../../../VRBase/Saved/Config/WindowsNoEditor/Scalability.ini]
[2021.06.11-22.19.48:737][  0]LogConfig: Setting CVar [[foliage.DensityScale:1.0]]
[2021.06.11-22.19.48:737][  0]LogConfig: Setting CVar [[grass.DensityScale:1.0]]
[2021.06.11-22.19.48:737][  0]LogConfig: Applying CVar settings from Section [ShadingQuality@3] File [../../../VRBase/Saved/Config/WindowsNoEditor/Scalability.ini]
[2021.06.11-22.19.48:737][  0]LogConfig: Setting CVar [[r.HairStrands.SkyLighting.SampleCount:16]]
[2021.06.11-22.19.48:737][  0]LogConfig: Setting CVar [[r.HairStrands.SkyLighting.JitterIntegration:0]]
[2021.06.11-22.19.48:737][  0]LogConfig: Setting CVar [[r.HairStrands.SkyAO.SampleCount:16]]
[2021.06.11-22.19.48:737][  0]LogConfig: Setting CVar [[r.HairStrands.DeepShadow.SuperSampling:0]]
[2021.06.11-22.19.48:737][  0]LogConfig: Setting CVar [[r.HairStrands.VisibilityPPLL:0]]
[2021.06.11-22.19.48:737][  0]LogConfig: Setting CVar [[r.HairStrands.RasterizationScale:0.5]]
[2021.06.11-22.19.48:737][  0]LogConfig: Setting CVar [[r.HairStrands.VelocityRasterizationScale:1]]
[2021.06.11-22.19.48:737][  0]LogInit: Selected Device Profile: [WindowsNoEditor]
[2021.06.11-22.19.48:737][  0]LogInit: Applying CVar settings loaded from the selected device profile: [WindowsNoEditor]
[2021.06.11-22.19.48:737][  0]LogHAL: Display: Platform has ~ 32 GB [34280767488 / 34359738368 / 32], which maps to Largest [LargestMinGB=32, LargerMinGB=12, DefaultMinGB=8, SmallerMinGB=6, SmallestMinGB=0)
[2021.06.11-22.19.48:737][  0]LogInit: Going up to parent DeviceProfile [Windows]
[2021.06.11-22.19.48:737][  0]LogInit: Going up to parent DeviceProfile []
[2021.06.11-22.19.48:737][  0]LogConfig: Applying CVar settings from Section [ViewDistanceQuality@3] File [../../../VRBase/Saved/Config/WindowsNoEditor/Scalability.ini]
[2021.06.11-22.19.48:737][  0]LogConfig: Setting CVar [[r.SkeletalMeshLODBias:0]]
[2021.06.11-22.19.48:737][  0]LogConfig: Setting CVar [[r.ViewDistanceScale:1.0]]
[2021.06.11-22.19.48:737][  0]LogConfig: Applying CVar settings from Section [AntiAliasingQuality@3] File [../../../VRBase/Saved/Config/WindowsNoEditor/Scalability.ini]
[2021.06.11-22.19.48:737][  0]LogConfig: Setting CVar [[r.PostProcessAAQuality:4]]
[2021.06.11-22.19.48:737][  0]LogConfig: Applying CVar settings from Section [ShadowQuality@3] File [../../../VRBase/Saved/Config/WindowsNoEditor/Scalability.ini]
[2021.06.11-22.19.48:737][  0]LogConfig: Setting CVar [[r.LightFunctionQuality:1]]
[2021.06.11-22.19.48:737][  0]LogConfig: Setting CVar [[r.ShadowQuality:5]]
[2021.06.11-22.19.48:737][  0]LogConfig: Setting CVar [[r.Shadow.CSM.MaxCascades:10]]
[2021.06.11-22.19.48:737][  0]LogConfig: Setting CVar [[r.Shadow.MaxResolution:2048]]
[2021.06.11-22.19.48:737][  0]LogConfig: Setting CVar [[r.Shadow.MaxCSMResolution:2048]]
[2021.06.11-22.19.48:737][  0]LogConfig: Setting CVar [[r.Shadow.RadiusThreshold:0.01]]
[2021.06.11-22.19.48:737][  0]LogConfig: Setting CVar [[r.Shadow.DistanceScale:1.0]]
[2021.06.11-22.19.48:737][  0]LogConfig: Setting CVar [[r.Shadow.CSM.TransitionScale:1.0]]
[2021.06.11-22.19.48:737][  0]LogConfig: Setting CVar [[r.Shadow.PreShadowResolutionFactor:1.0]]
[2021.06.11-22.19.48:738][  0]LogConfig: Setting CVar [[r.DistanceFieldShadowing:1]]
[2021.06.11-22.19.48:738][  0]LogConfig: Setting CVar [[r.DistanceFieldAO:1]]
[2021.06.11-22.19.48:738][  0]LogConfig: Setting CVar [[r.AOQuality:2]]
[2021.06.11-22.19.48:738][  0]LogConfig: Setting CVar [[r.VolumetricFog:1]]
[2021.06.11-22.19.48:738][  0]LogConfig: Setting CVar [[r.VolumetricFog.GridPixelSize:8]]
[2021.06.11-22.19.48:738][  0]LogConfig: Setting CVar [[r.VolumetricFog.GridSizeZ:128]]
[2021.06.11-22.19.48:738][  0]LogConfig: Setting CVar [[r.VolumetricFog.HistoryMissSupersampleCount:4]]
[2021.06.11-22.19.48:738][  0]LogConfig: Setting CVar [[r.LightMaxDrawDistanceScale:1]]
[2021.06.11-22.19.48:738][  0]LogConfig: Setting CVar [[r.CapsuleShadows:1]]
[2021.06.11-22.19.48:738][  0]LogConsoleManager: Warning: Setting the console variable 'r.CapsuleShadows' with 'SetByScalability' was ignored as it is lower priority than the previous 'SetByProjectSetting'. Value remains '2'
[2021.06.11-22.19.48:738][  0]LogConfig: Applying CVar settings from Section [PostProcessQuality@3] File [../../../VRBase/Saved/Config/WindowsNoEditor/Scalability.ini]
[2021.06.11-22.19.48:738][  0]LogConfig: Setting CVar [[r.MotionBlurQuality:4]]
[2021.06.11-22.19.48:738][  0]LogConfig: Setting CVar [[r.AmbientOcclusionMipLevelFactor:0.4]]
[2021.06.11-22.19.48:738][  0]LogConfig: Setting CVar [[r.AmbientOcclusionMaxQuality:100]]
[2021.06.11-22.19.48:738][  0]LogConfig: Setting CVar [[r.AmbientOcclusionLevels:-1]]
[2021.06.11-22.19.48:738][  0]LogConfig: Setting CVar [[r.AmbientOcclusionRadiusScale:1.0]]
[2021.06.11-22.19.48:738][  0]LogConfig: Setting CVar [[r.DepthOfFieldQuality:2]]
[2021.06.11-22.19.48:738][  0]LogConfig: Setting CVar [[r.RenderTargetPoolMin:400]]
[2021.06.11-22.19.48:738][  0]LogConfig: Setting CVar [[r.LensFlareQuality:2]]
[2021.06.11-22.19.48:738][  0]LogConfig: Setting CVar [[r.SceneColorFringeQuality:1]]
[2021.06.11-22.19.48:738][  0]LogConfig: Setting CVar [[r.EyeAdaptationQuality:2]]
[2021.06.11-22.19.48:738][  0]LogConfig: Setting CVar [[r.BloomQuality:5]]
[2021.06.11-22.19.48:738][  0]LogConfig: Setting CVar [[r.FastBlurThreshold:100]]
[2021.06.11-22.19.48:738][  0]LogConfig: Setting CVar [[r.Upscale.Quality:3]]
[2021.06.11-22.19.48:738][  0]LogConfig: Setting CVar [[r.Tonemapper.GrainQuantization:1]]
[2021.06.11-22.19.48:738][  0]LogConfig: Setting CVar [[r.LightShaftQuality:1]]
[2021.06.11-22.19.48:738][  0]LogConfig: Setting CVar [[r.Filter.SizeScale:1]]
[2021.06.11-22.19.48:738][  0]LogConfig: Setting CVar [[r.Tonemapper.Quality:5]]
[2021.06.11-22.19.48:738][  0]LogConfig: Setting CVar [[r.DOF.Gather.AccumulatorQuality:1        ; higher gathering accumulator quality]]
[2021.06.11-22.19.48:738][  0]LogConfig: Setting CVar [[r.DOF.Gather.PostfilterMethod:1          ; Median3x3 postfilering method]]
[2021.06.11-22.19.48:738][  0]LogConfig: Setting CVar [[r.DOF.Gather.EnableBokehSettings:0       ; no bokeh simulation when gathering]]
[2021.06.11-22.19.48:738][  0]LogConfig: Setting CVar [[r.DOF.Gather.RingCount:4                 ; medium number of samples when gathering]]
[2021.06.11-22.19.48:738][  0]LogConfig: Setting CVar [[r.DOF.Scatter.ForegroundCompositing:1    ; additive foreground scattering]]
[2021.06.11-22.19.48:738][  0]LogConfig: Setting CVar [[r.DOF.Scatter.BackgroundCompositing:2    ; additive background scattering]]
[2021.06.11-22.19.48:738][  0]LogConfig: Setting CVar [[r.DOF.Scatter.EnableBokehSettings:1      ; bokeh simulation when scattering]]
[2021.06.11-22.19.48:738][  0]LogConfig: Setting CVar [[r.DOF.Scatter.MaxSpriteRatio:0.1         ; only a maximum of 10% of scattered bokeh]]
[2021.06.11-22.19.48:738][  0]LogConfig: Setting CVar [[r.DOF.Recombine.Quality:1                ; cheap slight out of focus]]
[2021.06.11-22.19.48:738][  0]LogConfig: Setting CVar [[r.DOF.Recombine.EnableBokehSettings:0    ; no bokeh simulation on slight out of focus]]
[2021.06.11-22.19.48:738][  0]LogConfig: Setting CVar [[r.DOF.TemporalAAQuality:1                ; more stable temporal accumulation]]
[2021.06.11-22.19.48:738][  0]LogConfig: Setting CVar [[r.DOF.Kernel.MaxForegroundRadius:0.025]]
[2021.06.11-22.19.48:738][  0]LogConfig: Setting CVar [[r.DOF.Kernel.MaxBackgroundRadius:0.025]]
[2021.06.11-22.19.48:738][  0]LogConfig: Applying CVar settings from Section [TextureQuality@3] File [../../../VRBase/Saved/Config/WindowsNoEditor/Scalability.ini]
[2021.06.11-22.19.48:738][  0]LogConfig: Setting CVar [[r.Streaming.MipBias:0]]
[2021.06.11-22.19.48:738][  0]LogConfig: Setting CVar [[r.Streaming.AmortizeCPUToGPUCopy:0]]
[2021.06.11-22.19.48:738][  0]LogConfig: Setting CVar [[r.Streaming.MaxNumTexturesToStreamPerFrame:0]]
[2021.06.11-22.19.48:738][  0]LogConfig: Setting CVar [[r.Streaming.Boost:1]]
[2021.06.11-22.19.48:738][  0]LogConfig: Setting CVar [[r.MaxAnisotropy:8]]
[2021.06.11-22.19.48:738][  0]LogConfig: Setting CVar [[r.VT.MaxAnisotropy:8]]
[2021.06.11-22.19.48:738][  0]LogConfig: Setting CVar [[r.Streaming.LimitPoolSizeToVRAM:0]]
[2021.06.11-22.19.48:738][  0]LogConfig: Setting CVar [[r.Streaming.PoolSize:1000]]
[2021.06.11-22.19.48:738][  0]LogConfig: Setting CVar [[r.Streaming.MaxEffectiveScreenSize:0]]
[2021.06.11-22.19.48:738][  0]LogConfig: Applying CVar settings from Section [EffectsQuality@3] File [../../../VRBase/Saved/Config/WindowsNoEditor/Scalability.ini]
[2021.06.11-22.19.48:738][  0]LogConfig: Setting CVar [[r.TranslucencyLightingVolumeDim:64]]
[2021.06.11-22.19.48:738][  0]LogConfig: Setting CVar [[r.RefractionQuality:2]]
[2021.06.11-22.19.48:738][  0]LogConfig: Setting CVar [[r.SSR.Quality:3]]
[2021.06.11-22.19.48:738][  0]LogConfig: Setting CVar [[r.SSR.HalfResSceneColor:0]]
[2021.06.11-22.19.48:738][  0]LogConfig: Setting CVar [[r.SceneColorFormat:4]]
[2021.06.11-22.19.48:738][  0]LogConfig: Setting CVar [[r.DetailMode:2]]
[2021.06.11-22.19.48:738][  0]LogConfig: Setting CVar [[r.TranslucencyVolumeBlur:1]]
[2021.06.11-22.19.48:738][  0]LogConfig: Setting CVar [[r.MaterialQualityLevel:1 ; High quality]]
[2021.06.11-22.19.48:738][  0]LogConfig: Setting CVar [[r.SSS.Scale:1]]
[2021.06.11-22.19.48:738][  0]LogConfig: Setting CVar [[r.SSS.SampleSet:2]]
[2021.06.11-22.19.48:738][  0]LogConfig: Setting CVar [[r.SSS.Quality:1]]
[2021.06.11-22.19.48:738][  0]LogConfig: Setting CVar [[r.SSS.HalfRes:0]]
[2021.06.11-22.19.48:738][  0]LogConfig: Setting CVar [[r.SSGI.Quality:3]]
[2021.06.11-22.19.48:738][  0]LogConfig: Setting CVar [[r.EmitterSpawnRateScale:1.0]]
[2021.06.11-22.19.48:738][  0]LogConfig: Setting CVar [[r.ParticleLightQuality:2]]
[2021.06.11-22.19.48:738][  0]LogConfig: Setting CVar [[r.SkyAtmosphere.AerialPerspectiveLUT.FastApplyOnOpaque:1 ; Always have FastSkyLUT 1 in this case to avoid wrong sky]]
[2021.06.11-22.19.48:738][  0]LogConfig: Setting CVar [[r.SkyAtmosphere.AerialPerspectiveLUT.SampleCountPerSlice:1]]
[2021.06.11-22.19.48:738][  0]LogConfig: Setting CVar [[r.SkyAtmosphere.AerialPerspectiveLUT.DepthResolution:16.0]]
[2021.06.11-22.19.48:738][  0]LogConfig: Setting CVar [[r.SkyAtmosphere.FastSkyLUT:1]]
[2021.06.11-22.19.48:738][  0]LogConfig: Setting CVar [[r.SkyAtmosphere.FastSkyLUT.SampleCountMin:4.0]]
[2021.06.11-22.19.48:738][  0]LogConfig: Setting CVar [[r.SkyAtmosphere.FastSkyLUT.SampleCountMax:32.0]]
[2021.06.11-22.19.48:738][  0]LogConfig: Setting CVar [[r.SkyAtmosphere.SampleCountMin:4.0]]
[2021.06.11-22.19.48:738][  0]LogConfig: Setting CVar [[r.SkyAtmosphere.SampleCountMax:32.0]]
[2021.06.11-22.19.48:738][  0]LogConfig: Setting CVar [[r.SkyAtmosphere.TransmittanceLUT.UseSmallFormat:0]]
[2021.06.11-22.19.48:738][  0]LogConfig: Setting CVar [[r.SkyAtmosphere.TransmittanceLUT.SampleCount:10.0]]
[2021.06.11-22.19.48:738][  0]LogConfig: Setting CVar [[r.SkyAtmosphere.MultiScatteringLUT.SampleCount:15.0]]
[2021.06.11-22.19.48:738][  0]LogConfig: Setting CVar [[fx.Niagara.QualityLevel:3]]
[2021.06.11-22.19.48:738][  0]LogConfig: Applying CVar settings from Section [FoliageQuality@3] File [../../../VRBase/Saved/Config/WindowsNoEditor/Scalability.ini]
[2021.06.11-22.19.48:738][  0]LogConfig: Setting CVar [[foliage.DensityScale:1.0]]
[2021.06.11-22.19.48:738][  0]LogConfig: Setting CVar [[grass.DensityScale:1.0]]
[2021.06.11-22.19.48:738][  0]LogConfig: Applying CVar settings from Section [ShadingQuality@3] File [../../../VRBase/Saved/Config/WindowsNoEditor/Scalability.ini]
[2021.06.11-22.19.48:738][  0]LogConfig: Setting CVar [[r.HairStrands.SkyLighting.SampleCount:16]]
[2021.06.11-22.19.48:738][  0]LogConfig: Setting CVar [[r.HairStrands.SkyLighting.JitterIntegration:0]]
[2021.06.11-22.19.48:738][  0]LogConfig: Setting CVar [[r.HairStrands.SkyAO.SampleCount:16]]
[2021.06.11-22.19.48:738][  0]LogConfig: Setting CVar [[r.HairStrands.DeepShadow.SuperSampling:0]]
[2021.06.11-22.19.48:738][  0]LogConfig: Setting CVar [[r.HairStrands.VisibilityPPLL:0]]
[2021.06.11-22.19.48:738][  0]LogConfig: Setting CVar [[r.HairStrands.RasterizationScale:0.5]]
[2021.06.11-22.19.48:738][  0]LogConfig: Setting CVar [[r.HairStrands.VelocityRasterizationScale:1]]
[2021.06.11-22.19.48:738][  0]LogConfig: Applying CVar settings from Section [Startup] File [../../../Engine/Config/ConsoleVariables.ini]
[2021.06.11-22.19.48:738][  0]LogConfig: Setting CVar [[net.UseAdaptiveNetUpdateFrequency:0]]
[2021.06.11-22.19.48:738][  0]LogConfig: Setting CVar [[p.chaos.AllowCreatePhysxBodies:1]]
[2021.06.11-22.19.48:738][  0]LogConfig: Setting CVar [[fx.SkipVectorVMBackendOptimizations:1]]
[2021.06.11-22.19.48:738][  0]LogConfig: Applying CVar settings from Section [ConsoleVariables] File [../../../VRBase/Saved/Config/WindowsNoEditor/Engine.ini]
[2021.06.11-22.19.48:738][  0]LogInit: Computer: DESKTOP-GNGMSID
[2021.06.11-22.19.48:738][  0]LogInit: User: jwlee
[2021.06.11-22.19.48:738][  0]LogInit: CPU Page size=4096, Cores=8
[2021.06.11-22.19.48:738][  0]LogInit: High frequency timer resolution =10.000000 MHz
[2021.06.11-22.19.48:739][  0]LogMemory: Memory total: Physical=31.9GB (32GB approx)
[2021.06.11-22.19.48:739][  0]LogMemory: Platform Memory Stats for WindowsNoEditor
[2021.06.11-22.19.48:739][  0]LogMemory: Process Physical Memory: 79.38 MB used, 79.38 MB peak
[2021.06.11-22.19.48:739][  0]LogMemory: Process Virtual Memory: 84.18 MB used, 84.18 MB peak
[2021.06.11-22.19.48:739][  0]LogMemory: Physical Memory: 10704.77 MB used,  21987.92 MB free, 32692.69 MB total
[2021.06.11-22.19.48:739][  0]LogMemory: Virtual Memory: 4991.37 MB used,  134212736.00 MB free, 134217728.00 MB total
[2021.06.11-22.19.48:793][  0]LogWindows: WindowsPlatformFeatures enabled
[2021.06.11-22.19.48:866][  0]LogInit: Physics initialised using underlying interface: PhysX
[2021.06.11-22.19.48:866][  0]LogInit: Using OS detected language (ko-KR).
[2021.06.11-22.19.48:866][  0]LogInit: Using OS detected locale (ko-KR).
[2021.06.11-22.19.48:866][  0]LogTextLocalizationManager: No localization for 'ko-KR' exists, so 'en' will be used for the language.
[2021.06.11-22.19.48:866][  0]LogTextLocalizationManager: No localization for 'ko-KR' exists, so 'en' will be used for the locale.
[2021.06.11-22.19.48:903][  0]LogSlate: New Slate User Created.  User Index 0, Is Virtual User: 0
[2021.06.11-22.19.48:903][  0]LogSlate: Slate User Registered.  User Index 0, Is Virtual User: 0
[2021.06.11-22.19.48:917][  0]LogHMD: Failed to initialize OpenVR with code 110
[2021.06.11-22.19.48:917][  0]LogD3D11RHI: D3D11 min allowed feature level: 11_0
[2021.06.11-22.19.48:917][  0]LogD3D11RHI: D3D11 max allowed feature level: 11_0
[2021.06.11-22.19.48:917][  0]LogD3D11RHI: D3D11 adapters:
[2021.06.11-22.19.49:014][  0]LogD3D11RHI:    0. 'NVIDIA GeForce RTX 2060' (Feature Level 11_0)
[2021.06.11-22.19.49:014][  0]LogD3D11RHI:       5968/0/16346 MB DedicatedVideo/DedicatedSystem/SharedSystem, Outputs:2, VendorId:0x10de
[2021.06.11-22.19.49:016][  0]LogD3D11RHI:    1. 'Microsoft Basic Render Driver' (Feature Level 11_0)
[2021.06.11-22.19.49:016][  0]LogD3D11RHI:       0/0/16346 MB DedicatedVideo/DedicatedSystem/SharedSystem, Outputs:0, VendorId:0x1414
[2021.06.11-22.19.49:016][  0]LogD3D11RHI: Chosen D3D11 Adapter: 0
[2021.06.11-22.19.49:022][  0]LogD3D11RHI: Creating new Direct3DDevice
[2021.06.11-22.19.49:022][  0]LogD3D11RHI:     GPU DeviceId: 0x1e89 (for the marketing name, search the web for "GPU Device Id")
[2021.06.11-22.19.49:022][  0]LogWindows: EnumDisplayDevices:
[2021.06.11-22.19.49:022][  0]LogWindows:    0. 'NVIDIA GeForce RTX 2060' (P:1 D:1)
[2021.06.11-22.19.49:023][  0]LogWindows:    1. 'NVIDIA GeForce RTX 2060' (P:0 D:1)
[2021.06.11-22.19.49:023][  0]LogWindows:    2. 'NVIDIA GeForce RTX 2060' (P:0 D:0)
[2021.06.11-22.19.49:024][  0]LogWindows:    3. 'NVIDIA GeForce RTX 2060' (P:0 D:0)
[2021.06.11-22.19.49:025][  0]LogWindows: DebugString: FoundDriverCount:4 
[2021.06.11-22.19.49:025][  0]LogD3D11RHI:     Adapter Name: NVIDIA GeForce RTX 2060
[2021.06.11-22.19.49:025][  0]LogD3D11RHI:   Driver Version: 462.59 (internal:27.21.14.6259, unified:462.59)
[2021.06.11-22.19.49:025][  0]LogD3D11RHI:      Driver Date: 5-6-2021
[2021.06.11-22.19.49:025][  0]LogRHI: Texture pool is 4177 MB (70% of 5968 MB)
[2021.06.11-22.19.49:096][  0]LogD3D11RHI: RHI has support for 64 bit atomics
[2021.06.11-22.19.49:096][  0]LogD3D11RHI: Async texture creation enabled
[2021.06.11-22.19.49:096][  0]LogD3D11RHI: Array index from any shader is supported
[2021.06.11-22.19.49:129][  0]LogD3D11RHI: GPU Timing Frequency: 1000.000000 (Debug: 2 2)
[2021.06.11-22.19.49:129][  0]LogShaderLibrary: Display: Using ../../../VRBase/Content/ShaderArchive-Global-PCD3D_SM5.ushaderbytecode for material shader code. Total 2056 unique shaders.
[2021.06.11-22.19.49:129][  0]LogShaderLibrary: Display: Cooked Context: Using Shared Shader Library Global
[2021.06.11-22.19.49:131][  0]LogTemp: Warning: Clearing the OS Cache
[2021.06.11-22.19.49:132][  0]LogPakFile: New pak file ../../../VRBase/Content/Paks/VRBase-WindowsNoEditor.pak added to pak precacher.
[2021.06.11-22.19.49:148][  0]LogSlate: Using FreeType 2.10.0
[2021.06.11-22.19.49:148][  0]LogSlate: SlateFontServices - WITH_FREETYPE: 1, WITH_HARFBUZZ: 1
[2021.06.11-22.19.49:178][  0]LogShaderLibrary: Display: Using ../../../VRBase/Content/ShaderArchive-VRBase-PCD3D_SM5.ushaderbytecode for material shader code. Total 1055 unique shaders.
[2021.06.11-22.19.49:178][  0]LogShaderLibrary: Display: Cooked Context: Using Shared Shader Library VRBase
[2021.06.11-22.19.49:178][  0]LogRHI: Display: Opened pipeline cache after state change and enqueued 0 of 0 tasks for precompile.
[2021.06.11-22.19.49:178][  0]LogRHI: Display: Failed to open default shader pipeline cache for VRBase using shader platform 0.
[2021.06.11-22.19.49:178][  0]LogInit: Using OS detected language (ko-KR).
[2021.06.11-22.19.49:178][  0]LogInit: Using OS detected locale (ko-KR).
[2021.06.11-22.19.49:178][  0]LogTextLocalizationManager: No localization for 'ko-KR' exists, so 'en' will be used for the language.
[2021.06.11-22.19.49:178][  0]LogTextLocalizationManager: No localization for 'ko-KR' exists, so 'en' will be used for the locale.
[2021.06.11-22.19.49:179][  0]LogTextLocalizationManager: Compacting localization data took   0.41ms
[2021.06.11-22.19.49:181][  0]LogAssetRegistry: FAssetRegistry took 0.0015 seconds to start up
[2021.06.11-22.19.49:232][  0]LogStreaming: Display: Flushing async loaders.
[2021.06.11-22.19.49:233][  0]LogPackageLocalizationCache: Processed 23 localized package path(s) for 1 prioritized culture(s) in 0.000088 seconds
[2021.06.11-22.19.49:235][  0]LogInit: Selected Device Profile: [WindowsNoEditor]
[2021.06.11-22.19.49:246][  0]LogNetVersion: VRBase 1.0.0, NetCL: 13144385, EngineNetVer: 14, GameNetVer: 0 (Checksum: 1965973846)
[2021.06.11-22.19.49:268][  0]LogAudioCaptureCore: Display: No Audio Capture implementations found. Audio input will be silent.
[2021.06.11-22.19.49:268][  0]LogAudioCaptureCore: Display: No Audio Capture implementations found. Audio input will be silent.
[2021.06.11-22.19.49:286][  0]LogAISub: UAISubsystem::UAISubsystem AISubsystem (0000026B65646B00), frame # 0
[2021.06.11-22.19.49:286][  0]LogAISub: UAISubsystem::UAISubsystem AIPerceptionSystem (0000026B560D3E40), frame # 0
[2021.06.11-22.19.49:287][  0]LogAISub: UAISubsystem::UAISubsystem EnvQueryManager (0000026B65710A00), frame # 0
[2021.06.11-22.19.49:292][  0]LogMoviePlayer: Initializing movie player
[2021.06.11-22.19.49:295][  0]LogAndroidPermission: UAndroidPermissionCallbackProxy::GetInstance
[2021.06.11-22.19.49:296][  0]LogOcInput: OculusInput pre-init called
[2021.06.11-22.19.49:299][  0]LogUObjectArray: 14412 objects as part of root set at end of initial load.
[2021.06.11-22.19.49:299][  0]LogUObjectArray: 2 objects are not in the root set, but can never be destroyed because they are in the DisregardForGC set.
[2021.06.11-22.19.49:299][  0]LogUObjectAllocator: 2903032 out of 0 bytes used by permanent object pool.
[2021.06.11-22.19.49:299][  0]LogUObjectArray: CloseDisregardForGC: 14412/14412 objects in disregard for GC pool
[2021.06.11-22.19.49:307][  0]LogEngine: Initializing Engine...
[2021.06.11-22.19.49:309][  0]LogHMD: Failed to initialize OpenVR with code 110
[2021.06.11-22.19.49:309][  0]LogHoloLensAR: HoloLens AR system has been initialized
[2021.06.11-22.19.49:310][  0]LogStats: UGameplayTagsManager::InitializeManager -  0.000 s
[2021.06.11-22.19.49:348][  0]LogPakFile: Precache HighWater 16MB

[2021.06.11-22.19.49:348][  0]LogPakFile: Precache HighWater 32MB

[2021.06.11-22.19.49:348][  0]LogInit: Initializing FReadOnlyCVARCache
[2021.06.11-22.19.49:348][  0]LogAudioMixer: Display: Audio Mixer Platform Settings:
[2021.06.11-22.19.49:348][  0]LogAudioMixer: Display: 	Sample Rate:						  48000
[2021.06.11-22.19.49:348][  0]LogAudioMixer: Display: 	Callback Buffer Frame Size Requested: 1024
[2021.06.11-22.19.49:348][  0]LogAudioMixer: Display: 	Callback Buffer Frame Size To Use:	  1024
[2021.06.11-22.19.49:348][  0]LogAudioMixer: Display: 	Number of buffers to queue:			  2
[2021.06.11-22.19.49:348][  0]LogAudioMixer: Display: 	Max Channels (voices):				  32
[2021.06.11-22.19.49:348][  0]LogAudioMixer: Display: 	Number of Async Source Workers:		  0
[2021.06.11-22.19.49:348][  0]LogAudio: Display: AudioDevice MaxSources: 32
[2021.06.11-22.19.49:348][  0]LogAudio: Display: Using built-in audio occlusion.
[2021.06.11-22.19.49:348][  0]LogAudioMixer: Display: Initializing audio mixer.
[2021.06.11-22.19.49:356][  0]LogAudioDebug: Display: Lib vorbis DLL was dynamically loaded.
[2021.06.11-22.19.49:373][  0]LogAudioMixer: Display: 0: FrontLeft
[2021.06.11-22.19.49:373][  0]LogAudioMixer: Display: 1: FrontRight
[2021.06.11-22.19.49:557][  0]LogAudioMixer: Display: Using Audio Device 스피커(Realtek(R) Audio)
[2021.06.11-22.19.49:557][  0]LogAudioMixer: Display: Initializing Sound Submixes...
[2021.06.11-22.19.49:558][  0]LogAudioMixer: Display: Creating Master Submix 'MasterSubmixDefault'
[2021.06.11-22.19.49:558][  0]LogAudioMixer: Display: Creating Master Submix 'MasterReverbSubmixDefault'
[2021.06.11-22.19.49:559][  0]LogAudioMixer: Display: Creating Master Submix 'MasterEQSubmixDefault'
[2021.06.11-22.19.49:560][  0]LogInit: FAudioDevice initialized.
[2021.06.11-22.19.49:561][  0]LogNetVersion: Set ProjectVersion to 1.0.0.0. Version Checksum will be recalculated on next use.
[2021.06.11-22.19.49:561][  0]LogInit: Texture streaming: Enabled
[2021.06.11-22.19.49:566][  0]LogSlate: Updating window title bar state: overlay mode, drag disabled, window buttons hidden, title bar hidden
[2021.06.11-22.19.49:567][  0]LogInit: Display: Game Engine Initialized.
[2021.06.11-22.19.49:567][  0]LogInit: Display: Starting Game.
[2021.06.11-22.19.49:567][  0]LogNet: Browse: /Game/00_VRBase/Maps/VRBaseTest?Name=Player
[2021.06.11-22.19.49:567][  0]LogLoad: LoadMap: /Game/00_VRBase/Maps/VRBaseTest?Name=Player
[2021.06.11-22.19.49:567][  0]LogWorld: BeginTearingDown for /Temp/Untitled_0
[2021.06.11-22.19.49:568][  0]LogWorld: UWorld::CleanupWorld for Untitled, bSessionEnded=true, bCleanupResources=true
[2021.06.11-22.19.49:568][  0]LogSlate: InvalidateAllWidgets triggered.  All widgets were invalidated
[2021.06.11-22.19.49:571][  0]LogUObjectHash: Compacting FUObjectHashTables data took   0.64ms
[2021.06.11-22.19.49:585][  0]LogAIModule: Creating AISystem for world VRBaseTest
[2021.06.11-22.19.49:585][  0]LogAISub: UAISubsystem::UAISubsystem EnvQueryManager (0000026B5709FA00), frame # 0
[2021.06.11-22.19.49:585][  0]LogAISub: UAISubsystem::UAISubsystem AIPerceptionSystem (0000026B3533FD80), frame # 0
[2021.06.11-22.19.49:585][  0]LogLoad: Game class is 'VR_GameModeBase_C'
[2021.06.11-22.19.49:586][  0]LogWorld: Bringing World /Game/00_VRBase/Maps/VRBaseTest.VRBaseTest up for play (max tick rate 0) at 2021.06.12-07.19.49
[2021.06.11-22.19.49:587][  0]LogWorld: Bringing up level for play took: 0.000926
[2021.06.11-22.19.51:147][  0]LogOutputDevice: Warning: 

Script Stack (3 frames):
VR_BP_Library_C.SetHMDTrackingLevel
VR_Pawn_C.ExecuteUbergraph_VR_Pawn
VR_Pawn_C.ReceiveBeginPlay

[2021.06.11-22.19.51:147][  0]LogWindows: Windows GetLastError: 작업을 완료했습니다. (0)
[2021.06.11-22.19.55:450][  0]LogWindows: Could not start crash report client using ../../../Engine/Binaries/Win64/CrashReportClient-Win64-Development.exe
[2021.06.11-22.19.55:450][  0]LogMemory: Platform Memory Stats for WindowsNoEditor
[2021.06.11-22.19.55:450][  0]LogMemory: Process Physical Memory: 278.39 MB used, 304.28 MB peak
[2021.06.11-22.19.55:450][  0]LogMemory: Process Virtual Memory: 466.56 MB used, 467.77 MB peak
[2021.06.11-22.19.55:450][  0]LogMemory: Physical Memory: 10964.60 MB used,  21728.09 MB free, 32692.69 MB total
[2021.06.11-22.19.55:450][  0]LogMemory: Virtual Memory: 6034.76 MB used,  134211696.00 MB free, 134217728.00 MB total
[2021.06.11-22.19.55:450][  0]Message dialog closed, result: Ok, title: The UE4-VRBase Game has crashed and will close, text: Assertion failed: IsValid() [File:d:\build\++ue4\sync\engine\source\runtime\core\public\Templates/SharedPointer.h] [Line: 890] 




[2021.06.11-22.19.55:450][  0]LogWindows: Error: === Critical error: ===
[2021.06.11-22.19.55:450][  0]LogWindows: Error: 
[2021.06.11-22.19.55:450][  0]LogWindows: Error: Assertion failed: IsValid() [File:d:\build\++ue4\sync\engine\source\runtime\core\public\Templates/SharedPointer.h] [Line: 890] 
[2021.06.11-22.19.55:450][  0]LogWindows: Error: 
[2021.06.11-22.19.55:450][  0]LogWindows: Error: 
[2021.06.11-22.19.55:450][  0]LogWindows: Error: 
[2021.06.11-22.19.55:450][  0]LogWindows: Error: [Callstack] 0x00007ffdc40b4b89 KERNELBASE.dll!UnknownFunction []
[2021.06.11-22.19.55:450][  0]LogWindows: Error: [Callstack] 0x00007ff649eeea36 VRBase.exe!UnknownFunction []
[2021.06.11-22.19.55:450][  0]LogWindows: Error: [Callstack] 0x00007ff649ef1e18 VRBase.exe!UnknownFunction []
[2021.06.11-22.19.55:450][  0]LogWindows: Error: [Callstack] 0x00007ff649caa4ed VRBase.exe!UnknownFunction []
[2021.06.11-22.19.55:450][  0]LogWindows: Error: [Callstack] 0x00007ff649c3fa7b VRBase.exe!UnknownFunction []
[2021.06.11-22.19.55:450][  0]LogWindows: Error: [Callstack] 0x00007ff649c41cd0 VRBase.exe!UnknownFunction []
[2021.06.11-22.19.55:450][  0]LogWindows: Error: [Callstack] 0x00007ff648ce83aa VRBase.exe!UnknownFunction []
[2021.06.11-22.19.55:450][  0]LogWindows: Error: [Callstack] 0x00007ff648ce1c8f VRBase.exe!UnknownFunction []
[2021.06.11-22.19.55:450][  0]LogWindows: Error: [Callstack] 0x00007ff648cdbca1 VRBase.exe!UnknownFunction []
[2021.06.11-22.19.55:450][  0]LogWindows: Error: [Callstack] 0x00007ff64b90a727 VRBase.exe!UnknownFunction []
[2021.06.11-22.19.55:450][  0]LogWindows: Error: [Callstack] 0x00007ff64b92817e VRBase.exe!UnknownFunction []
[2021.06.11-22.19.55:450][  0]LogWindows: Error: [Callstack] 0x00007ff64a271438 VRBase.exe!UnknownFunction []
[2021.06.11-22.19.55:450][  0]LogWindows: Error: [Callstack] 0x00007ff64a2737a4 VRBase.exe!UnknownFunction []
[2021.06.11-22.19.55:450][  0]LogWindows: Error: [Callstack] 0x00007ff64a24ec82 VRBase.exe!UnknownFunction []
[2021.06.11-22.19.55:450][  0]LogWindows: Error: [Callstack] 0x00007ff64a223b6a VRBase.exe!UnknownFunction []
[2021.06.11-22.19.55:450][  0]LogWindows: Error: [Callstack] 0x00007ff64a24e7c9 VRBase.exe!UnknownFunction []
[2021.06.11-22.19.55:450][  0]LogWindows: Error: [Callstack] 0x00007ff64a24c5b4 VRBase.exe!UnknownFunction []
[2021.06.11-22.19.55:450][  0]LogWindows: Error: [Callstack] 0x00007ff64a24ec82 VRBase.exe!UnknownFunction []
[2021.06.11-22.19.55:450][  0]LogWindows: Error: [Callstack] 0x00007ff64a223b6a VRBase.exe!UnknownFunction []
[2021.06.11-22.19.55:450][  0]LogWindows: Error: [Callstack] 0x00007ff64a24e7c9 VRBase.exe!UnknownFunction []
[2021.06.11-22.19.55:450][  0]LogWindows: Error: [Callstack] 0x00007ff64a24ec82 VRBase.exe!UnknownFunction []
[2021.06.11-22.19.55:450][  0]LogWindows: Error: [Callstack] 0x00007ff64a24e111 VRBase.exe!UnknownFunction []
[2021.06.11-22.19.55:450][  0]LogWindows: Error: [Callstack] 0x00007ff64a026619 VRBase.exe!UnknownFunction []
[2021.06.11-22.19.55:450][  0]LogWindows: Error: [Callstack] 0x00007ff64a24dc76 VRBase.exe!UnknownFunction []
[2021.06.11-22.19.55:450][  0]LogWindows: Error: [Callstack] 0x00007ff64c7eb035 VRBase.exe!UnknownFunction []
[2021.06.11-22.19.55:450][  0]LogWindows: Error: [Callstack] 0x00007ff64c7c4abb VRBase.exe!UnknownFunction []
[2021.06.11-22.19.55:450][  0]LogWindows: Error: [Callstack] 0x00007ff64c7cc207 VRBase.exe!UnknownFunction []
[2021.06.11-22.19.55:450][  0]LogWindows: Error: [Callstack] 0x00007ff64d61d633 VRBase.exe!UnknownFunction []
[2021.06.11-22.19.55:450][  0]LogWindows: Error: [Callstack] 0x00007ff64ccd5b11 VRBase.exe!UnknownFunction []
[2021.06.11-22.19.55:450][  0]LogWindows: Error: [Callstack] 0x00007ff64d5d577e VRBase.exe!UnknownFunction []
[2021.06.11-22.19.55:450][  0]LogWindows: Error: [Callstack] 0x00007ff64d5099a2 VRBase.exe!UnknownFunction []
[2021.06.11-22.19.55:450][  0]LogWindows: Error: [Callstack] 0x00007ff64d4b858d VRBase.exe!UnknownFunction []
[2021.06.11-22.19.55:450][  0]LogWindows: Error: [Callstack] 0x00007ff64ccf4ddd VRBase.exe!UnknownFunction []
[2021.06.11-22.19.55:450][  0]LogWindows: Error: [Callstack] 0x00007ff648ca87be VRBase.exe!UnknownFunction []
[2021.06.11-22.19.55:450][  0]LogWindows: Error: [Callstack] 0x00007ff648cbefc9 VRBase.exe!UnknownFunction []
[2021.06.11-22.19.55:450][  0]LogWindows: Error: [Callstack] 0x00007ff648cbf1da VRBase.exe!UnknownFunction []
[2021.06.11-22.19.55:450][  0]LogWindows: Error: [Callstack] 0x00007ff648cd0470 VRBase.exe!UnknownFunction []
[2021.06.11-22.19.55:450][  0]LogWindows: Error: [Callstack] 0x00007ff64e53ff8e VRBase.exe!UnknownFunction []
[2021.06.11-22.19.55:450][  0]LogWindows: Error: [Callstack] 0x00007ffdc67c7034 KERNEL32.DLL!UnknownFunction []
[2021.06.11-22.19.55:450][  0]LogWindows: Error: [Callstack] 0x00007ffdc6902651 ntdll.dll!UnknownFunction []
[2021.06.11-22.19.55:450][  0]LogWindows: Error: 
[2021.06.11-22.19.55:465][  0]LogExit: Executing StaticShutdownAfterError
[2021.06.11-22.19.55:466][  0]LogWindows: FPlatformMisc::RequestExit(1)
[2021.06.11-22.19.55:466][  0]LogCore: Engine exit requested (reason: Win RequestExit)
[2021.06.11-22.19.55:517][  0]Log file closed, 06/12/21 07:19:55
